<?xml version="1.0" encoding="UTF-8" standalone="yes"?>
<persistence xmlns="http://xmlns.jcp.org/xml/ns/persistence"
             xmlns:xsi="http://www.w3.org/2001/XMLSchema-instance"
             xsi:schemaLocation="http://xmlns.jcp.org/xml/ns/persistence http://xmlns.jcp.org/xml/ns/persistence/persistence_2_2.xsd"
             version="2.2">
    <persistence-unit name="inmemory">
        <provider>org.hibernate.jpa.HibernatePersistenceProvider</provider>
        <properties>
            <property name="connection.driver_class" value="org.h2.Driver"/>
            <property name="hibernate.connection.url" value="jdbc:h2:mem:testdb"/>
            <property name="hibernate.dialect" value="org.hibernate.dialect.H2Dialect"/>
            <property name="hibernate.hbm2ddl.auto" value="create-drop"/>
            <property name="hibernate.show_sql" value="true" />
            <property name="javax.persistence.schema-generation.database.action" value="drop-and-create"/>
            <property name="javax.persistence.sql-load-script-source" value="insert.sql"/>
        </properties>
    </persistence-unit>

    <persistence-unit name="postgresDocker">
        <provider>org.hibernate.jpa.HibernatePersistenceProvider</provider>
<!--        <jta-data-source>java:app/datasources/postgresql_ds</jta-data-source>-->
        <properties>
            <property name="connection.driver_class" value="org.postgres.Driver"/>
            <property name="hibernate.connection.url" value="jdbc:postgres://localhost:25432/pandadb"/>
            <property name="hibernate.dialect" value="org.hibernate.dialect.PostgreSQLDialect"/>
            <property name="hibernate.hbm2ddl.auto" value="create-drop"/>
            <property name="hibernate.show_sql" value="true" />
        </properties>
    </persistence-unit>
</persistence>
